This file contains any messages produced by compilers while
running configure, to aid debugging if configure makes a mistake.

It was created by configure, which was
generated by GNU Autoconf 2.63.  Invocation command line was

  $ ./configure 

## --------- ##
## Platform. ##
## --------- ##

hostname = cluster-linux.rz.RWTH-Aachen.DE
uname -m = x86_64
uname -r = 2.6.32-279.11.1.el6.x86_64
uname -s = Linux
uname -v = #1 SMP Tue Oct 16 11:16:02 CDT 2012

/usr/bin/uname -p = x86_64
/bin/uname -X     = unknown

/bin/arch              = x86_64
/usr/bin/arch -k       = unknown
/usr/convex/getsysinfo = unknown
/usr/bin/hostinfo      = unknown
/bin/machine           = unknown
/usr/bin/oslevel       = unknown
/bin/universe          = unknown

PATH: /usr/local_rwth/sw/gcc/4.7.2/bin
PATH: /opt/MPI/bin
PATH: /opt/MPI/openmpi-1.6.1/linux/intel/bin
PATH: /opt/intel/Compiler/12.1/6.361/rwthlnk/bin/intel64
PATH: /opt/lsf/8.0/linux2.6-glibc2.3-x86_64/etc
PATH: /opt/lsf/8.0/linux2.6-glibc2.3-x86_64/bin
PATH: /usr/local_host/sbin
PATH: /usr/local_host/bin
PATH: /usr/local_rwth/sbin
PATH: /usr/local_rwth/bin
PATH: /usr/bin
PATH: /usr/sbin
PATH: /sbin
PATH: /usr/dt/bin
PATH: /usr/bin/X11
PATH: /usr/java/bin
PATH: /usr/kerberos/sbin
PATH: /usr/kerberos/bin
PATH: /usr/local/bin
PATH: /usr/local/sbin
PATH: /opt/csw/bin
PATH: .


## ----------- ##
## Core tests. ##
## ----------- ##

configure:1894: checking for C++ compiler version
configure:1902: g++ --version >&5
g++ (GCC) 4.7.2
Copyright (C) 2012 Free Software Foundation, Inc.
This is free software; see the source for copying conditions.  There is NO
warranty; not even for MERCHANTABILITY or FITNESS FOR A PARTICULAR PURPOSE.

configure:1906: $? = 0
configure:1913: g++ -v >&5
Using built-in specs.
COLLECT_GCC=g++
COLLECT_LTO_WRAPPER=/rwthfs/rz/SW/gcc/SCIENTIFIC-6.0/4.7.2/bin/../libexec/gcc/x86_64-unknown-linux-gnu/4.7.2/lto-wrapper
Target: x86_64-unknown-linux-gnu
Configured with: ../../SOURCES/gcc-4.7.2/configure --prefix=/usr/local_rwth/sw/gcc/4.7.2 --enable-languages=c,c++,objc,obj-c++,fortran --enable-lto --with-gmp=/w0/tmp/pk224850/GCC472/build/destdir/usr/local_rwth/sw/gcc/4.7.2 --with-mpfr=/w0/tmp/pk224850/GCC472/build/destdir/usr/local_rwth/sw/gcc/4.7.2 --with-mpc=/w0/tmp/pk224850/GCC472/build/destdir/usr/local_rwth/sw/gcc/4.7.2 --with-ppl=/w0/tmp/pk224850/GCC472/build/destdir/usr/local_rwth/sw/gcc/4.7.2 --with-cloog=/w0/tmp/pk224850/GCC472/build/destdir/usr/local_rwth/sw/gcc/4.7.2 LDFLAGS='-Wl,-rpath,/usr/local_rwth/sw/gcc/4.7.2/lib64 -Wl,-rpath,/usr/local_rwth/sw/gcc/4.7.2/lib'
Thread model: posix
gcc version 4.7.2 (GCC) 
configure:1917: $? = 0
configure:1924: g++ -V >&5
g++: error: unrecognized command line option '-V'
g++: fatal error: no input files
compilation terminated.
configure:1928: $? = 1
configure:1951: checking for C++ compiler default output file name
configure:1973: g++    conftest.cpp  >&5
configure:1977: $? = 0
configure:2015: result: a.out
configure:2034: checking whether the C++ compiler works
configure:2044: ./a.out
configure:2048: $? = 0
configure:2067: result: yes
configure:2074: checking whether we are cross compiling
configure:2076: result: no
configure:2079: checking for suffix of executables
configure:2086: g++ -o conftest    conftest.cpp  >&5
configure:2090: $? = 0
configure:2116: result: 
configure:2122: checking for suffix of object files
configure:2148: g++ -c   conftest.cpp >&5
configure:2152: $? = 0
configure:2177: result: o
configure:2181: checking whether we are using the GNU C++ compiler
configure:2210: g++ -c   conftest.cpp >&5
configure:2217: $? = 0
configure:2234: result: yes
configure:2243: checking whether g++ accepts -g
configure:2273: g++ -c -g  conftest.cpp >&5
configure:2280: $? = 0
configure:2381: result: yes
configure:2453: checking for gcc
configure:2480: result: gcc
configure:2712: checking for C compiler version
configure:2720: gcc --version >&5
gcc (GCC) 4.7.2
Copyright (C) 2012 Free Software Foundation, Inc.
This is free software; see the source for copying conditions.  There is NO
warranty; not even for MERCHANTABILITY or FITNESS FOR A PARTICULAR PURPOSE.

configure:2724: $? = 0
configure:2731: gcc -v >&5
Using built-in specs.
COLLECT_GCC=gcc
COLLECT_LTO_WRAPPER=/rwthfs/rz/SW/gcc/SCIENTIFIC-6.0/4.7.2/bin/../libexec/gcc/x86_64-unknown-linux-gnu/4.7.2/lto-wrapper
Target: x86_64-unknown-linux-gnu
Configured with: ../../SOURCES/gcc-4.7.2/configure --prefix=/usr/local_rwth/sw/gcc/4.7.2 --enable-languages=c,c++,objc,obj-c++,fortran --enable-lto --with-gmp=/w0/tmp/pk224850/GCC472/build/destdir/usr/local_rwth/sw/gcc/4.7.2 --with-mpfr=/w0/tmp/pk224850/GCC472/build/destdir/usr/local_rwth/sw/gcc/4.7.2 --with-mpc=/w0/tmp/pk224850/GCC472/build/destdir/usr/local_rwth/sw/gcc/4.7.2 --with-ppl=/w0/tmp/pk224850/GCC472/build/destdir/usr/local_rwth/sw/gcc/4.7.2 --with-cloog=/w0/tmp/pk224850/GCC472/build/destdir/usr/local_rwth/sw/gcc/4.7.2 LDFLAGS='-Wl,-rpath,/usr/local_rwth/sw/gcc/4.7.2/lib64 -Wl,-rpath,/usr/local_rwth/sw/gcc/4.7.2/lib'
Thread model: posix
gcc version 4.7.2 (GCC) 
configure:2735: $? = 0
configure:2742: gcc -V >&5
gcc: error: unrecognized command line option '-V'
gcc: fatal error: no input files
compilation terminated.
configure:2746: $? = 1
configure:2749: checking whether we are using the GNU C compiler
configure:2778: gcc -c   conftest.c >&5
configure:2785: $? = 0
configure:2802: result: yes
configure:2811: checking whether gcc accepts -g
configure:2841: gcc -c -g  conftest.c >&5
configure:2848: $? = 0
configure:2949: result: yes
configure:2966: checking for gcc option to accept ISO C89
configure:3040: gcc  -c -g -O2  conftest.c >&5
configure:3047: $? = 0
configure:3070: result: none needed
configure:3094: checking how to run the C preprocessor
configure:3134: gcc -E  conftest.c
configure:3141: $? = 0
configure:3172: gcc -E  conftest.c
conftest.c:8:28: fatal error: ac_nonexistent.h: No such file or directory
compilation terminated.
configure:3179: $? = 1
configure: failed program was:
| /* confdefs.h.  */
| #define PACKAGE_NAME ""
| #define PACKAGE_TARNAME ""
| #define PACKAGE_VERSION ""
| #define PACKAGE_STRING ""
| #define PACKAGE_BUGREPORT ""
| /* end confdefs.h.  */
| #include <ac_nonexistent.h>
configure:3212: result: gcc -E
configure:3241: gcc -E  conftest.c
configure:3248: $? = 0
configure:3279: gcc -E  conftest.c
conftest.c:8:28: fatal error: ac_nonexistent.h: No such file or directory
compilation terminated.
configure:3286: $? = 1
configure: failed program was:
| /* confdefs.h.  */
| #define PACKAGE_NAME ""
| #define PACKAGE_TARNAME ""
| #define PACKAGE_VERSION ""
| #define PACKAGE_STRING ""
| #define PACKAGE_BUGREPORT ""
| /* end confdefs.h.  */
| #include <ac_nonexistent.h>
configure:3326: checking for grep that handles long lines and -e
configure:3386: result: /usr/local_rwth/bin/ggrep
configure:3391: checking for egrep
configure:3455: result: /usr/local_rwth/bin/ggrep -E
configure:3460: checking for ANSI C header files
configure:3490: gcc -c -g -O2  conftest.c >&5
configure:3497: $? = 0
configure:3596: gcc -o conftest -g -O2   conftest.c  >&5
configure:3600: $? = 0
configure:3606: ./conftest
configure:3610: $? = 0
configure:3628: result: yes
configure:3652: checking for sys/types.h
configure:3673: gcc -c -g -O2  conftest.c >&5
configure:3680: $? = 0
configure:3697: result: yes
configure:3652: checking for sys/stat.h
configure:3673: gcc -c -g -O2  conftest.c >&5
configure:3680: $? = 0
configure:3697: result: yes
configure:3652: checking for stdlib.h
configure:3673: gcc -c -g -O2  conftest.c >&5
configure:3680: $? = 0
configure:3697: result: yes
configure:3652: checking for string.h
configure:3673: gcc -c -g -O2  conftest.c >&5
configure:3680: $? = 0
configure:3697: result: yes
configure:3652: checking for memory.h
configure:3673: gcc -c -g -O2  conftest.c >&5
configure:3680: $? = 0
configure:3697: result: yes
configure:3652: checking for strings.h
configure:3673: gcc -c -g -O2  conftest.c >&5
configure:3680: $? = 0
configure:3697: result: yes
configure:3652: checking for inttypes.h
configure:3673: gcc -c -g -O2  conftest.c >&5
configure:3680: $? = 0
configure:3697: result: yes
configure:3652: checking for stdint.h
configure:3673: gcc -c -g -O2  conftest.c >&5
configure:3680: $? = 0
configure:3697: result: yes
configure:3652: checking for unistd.h
configure:3673: gcc -c -g -O2  conftest.c >&5
configure:3680: $? = 0
configure:3697: result: yes
configure:3727: checking ieeefp.h usability
configure:3744: gcc -c -g -O2  conftest.c >&5
conftest.c:51:20: fatal error: ieeefp.h: No such file or directory
compilation terminated.
configure:3751: $? = 1
configure: failed program was:
| /* confdefs.h.  */
| #define PACKAGE_NAME ""
| #define PACKAGE_TARNAME ""
| #define PACKAGE_VERSION ""
| #define PACKAGE_STRING ""
| #define PACKAGE_BUGREPORT ""
| #define STDC_HEADERS 1
| #define HAVE_SYS_TYPES_H 1
| #define HAVE_SYS_STAT_H 1
| #define HAVE_STDLIB_H 1
| #define HAVE_STRING_H 1
| #define HAVE_MEMORY_H 1
| #define HAVE_STRINGS_H 1
| #define HAVE_INTTYPES_H 1
| #define HAVE_STDINT_H 1
| #define HAVE_UNISTD_H 1
| /* end confdefs.h.  */
| #include <stdio.h>
| #ifdef HAVE_SYS_TYPES_H
| # include <sys/types.h>
| #endif
| #ifdef HAVE_SYS_STAT_H
| # include <sys/stat.h>
| #endif
| #ifdef STDC_HEADERS
| # include <stdlib.h>
| # include <stddef.h>
| #else
| # ifdef HAVE_STDLIB_H
| #  include <stdlib.h>
| # endif
| #endif
| #ifdef HAVE_STRING_H
| # if !defined STDC_HEADERS && defined HAVE_MEMORY_H
| #  include <memory.h>
| # endif
| # include <string.h>
| #endif
| #ifdef HAVE_STRINGS_H
| # include <strings.h>
| #endif
| #ifdef HAVE_INTTYPES_H
| # include <inttypes.h>
| #endif
| #ifdef HAVE_STDINT_H
| # include <stdint.h>
| #endif
| #ifdef HAVE_UNISTD_H
| # include <unistd.h>
| #endif
| #include <ieeefp.h>
configure:3765: result: no
configure:3769: checking ieeefp.h presence
configure:3784: gcc -E  conftest.c
conftest.c:18:20: fatal error: ieeefp.h: No such file or directory
compilation terminated.
configure:3791: $? = 1
configure: failed program was:
| /* confdefs.h.  */
| #define PACKAGE_NAME ""
| #define PACKAGE_TARNAME ""
| #define PACKAGE_VERSION ""
| #define PACKAGE_STRING ""
| #define PACKAGE_BUGREPORT ""
| #define STDC_HEADERS 1
| #define HAVE_SYS_TYPES_H 1
| #define HAVE_SYS_STAT_H 1
| #define HAVE_STDLIB_H 1
| #define HAVE_STRING_H 1
| #define HAVE_MEMORY_H 1
| #define HAVE_STRINGS_H 1
| #define HAVE_INTTYPES_H 1
| #define HAVE_STDINT_H 1
| #define HAVE_UNISTD_H 1
| /* end confdefs.h.  */
| #include <ieeefp.h>
configure:3805: result: no
configure:3833: checking for ieeefp.h
configure:3842: result: no
configure:3863: checking for trunc
configure:3919: gcc -o conftest -g -O2   conftest.c  >&5
conftest.c:41:6: warning: conflicting types for built-in function 'trunc' [enabled by default]
/tmp/simo_109/cluster-linux_3571/cckVlZHx.o: In function `main':
/rwthfs/rz/cluster/home/simo_109/MCpkg/MCpkg/conftest.c:52: undefined reference to `trunc'
collect2: error: ld returned 1 exit status
configure:3926: $? = 1
configure: failed program was:
| /* confdefs.h.  */
| #define PACKAGE_NAME ""
| #define PACKAGE_TARNAME ""
| #define PACKAGE_VERSION ""
| #define PACKAGE_STRING ""
| #define PACKAGE_BUGREPORT ""
| #define STDC_HEADERS 1
| #define HAVE_SYS_TYPES_H 1
| #define HAVE_SYS_STAT_H 1
| #define HAVE_STDLIB_H 1
| #define HAVE_STRING_H 1
| #define HAVE_MEMORY_H 1
| #define HAVE_STRINGS_H 1
| #define HAVE_INTTYPES_H 1
| #define HAVE_STDINT_H 1
| #define HAVE_UNISTD_H 1
| /* end confdefs.h.  */
| /* Define trunc to an innocuous variant, in case <limits.h> declares trunc.
|    For example, HP-UX 11i <limits.h> declares gettimeofday.  */
| #define trunc innocuous_trunc
| 
| /* System header to define __stub macros and hopefully few prototypes,
|     which can conflict with char trunc (); below.
|     Prefer <limits.h> to <assert.h> if __STDC__ is defined, since
|     <limits.h> exists even on freestanding compilers.  */
| 
| #ifdef __STDC__
| # include <limits.h>
| #else
| # include <assert.h>
| #endif
| 
| #undef trunc
| 
| /* Override any GCC internal prototype to avoid an error.
|    Use char because int might match the return type of a GCC
|    builtin and then its argument prototype would still apply.  */
| #ifdef __cplusplus
| extern "C"
| #endif
| char trunc ();
| /* The GNU C library defines this for functions which it implements
|     to always fail with ENOSYS.  Some functions are actually named
|     something starting with __ and the normal name is an alias.  */
| #if defined __stub_trunc || defined __stub___trunc
| choke me
| #endif
| 
| int
| main ()
| {
| return trunc ();
|   ;
|   return 0;
| }
configure:3948: result: no
configure:4104: creating ./config.status

## ---------------------- ##
## Running config.status. ##
## ---------------------- ##

This file was extended by config.status, which was
generated by GNU Autoconf 2.63.  Invocation command line was

  CONFIG_FILES    = 
  CONFIG_HEADERS  = 
  CONFIG_LINKS    = 
  CONFIG_COMMANDS = 
  $ ./config.status 

on cluster-linux.rz.RWTH-Aachen.DE

config.status:650: creating src/Makevars

## ---------------- ##
## Cache variables. ##
## ---------------- ##

ac_cv_c_compiler_gnu=yes
ac_cv_cxx_compiler_gnu=yes
ac_cv_env_CCC_set=
ac_cv_env_CCC_value=
ac_cv_env_CC_set=set
ac_cv_env_CC_value=gcc
ac_cv_env_CFLAGS_set=
ac_cv_env_CFLAGS_value=
ac_cv_env_CPPFLAGS_set=
ac_cv_env_CPPFLAGS_value=
ac_cv_env_CPP_set=
ac_cv_env_CPP_value=
ac_cv_env_CXXFLAGS_set=
ac_cv_env_CXXFLAGS_value=
ac_cv_env_CXX_set=set
ac_cv_env_CXX_value=g++
ac_cv_env_LDFLAGS_set=
ac_cv_env_LDFLAGS_value=
ac_cv_env_LIBS_set=
ac_cv_env_LIBS_value=
ac_cv_env_build_alias_set=
ac_cv_env_build_alias_value=
ac_cv_env_host_alias_set=
ac_cv_env_host_alias_value=
ac_cv_env_target_alias_set=
ac_cv_env_target_alias_value=
ac_cv_func_trunc=no
ac_cv_header_ieeefp_h=no
ac_cv_header_inttypes_h=yes
ac_cv_header_memory_h=yes
ac_cv_header_stdc=yes
ac_cv_header_stdint_h=yes
ac_cv_header_stdlib_h=yes
ac_cv_header_string_h=yes
ac_cv_header_strings_h=yes
ac_cv_header_sys_stat_h=yes
ac_cv_header_sys_types_h=yes
ac_cv_header_unistd_h=yes
ac_cv_objext=o
ac_cv_path_EGREP='/usr/local_rwth/bin/ggrep -E'
ac_cv_path_GREP=/usr/local_rwth/bin/ggrep
ac_cv_prog_CPP='gcc -E'
ac_cv_prog_ac_ct_CC=gcc
ac_cv_prog_cc_c89=
ac_cv_prog_cc_g=yes
ac_cv_prog_cxx_g=yes

## ----------------- ##
## Output variables. ##
## ----------------- ##

CC='gcc'
CFLAGS='-g -O2'
CPP='gcc -E'
CPPFLAGS=''
CXX='g++'
CXXFLAGS='-g -O2'
DEFS='-DPACKAGE_NAME=\"\" -DPACKAGE_TARNAME=\"\" -DPACKAGE_VERSION=\"\" -DPACKAGE_STRING=\"\" -DPACKAGE_BUGREPORT=\"\" -DSTDC_HEADERS=1 -DHAVE_SYS_TYPES_H=1 -DHAVE_SYS_STAT_H=1 -DHAVE_STDLIB_H=1 -DHAVE_STRING_H=1 -DHAVE_MEMORY_H=1 -DHAVE_STRINGS_H=1 -DHAVE_INTTYPES_H=1 -DHAVE_STDINT_H=1 -DHAVE_UNISTD_H=1'
ECHO_C=''
ECHO_N='-n'
ECHO_T=''
EGREP='/usr/local_rwth/bin/ggrep -E'
EXEEXT=''
GREP='/usr/local_rwth/bin/ggrep'
LDFLAGS=''
LIBOBJS=''
LIBS=''
LTLIBOBJS=''
MV_HAVE_IEEEFP_H=''
MV_HAVE_TRUNC=''
OBJEXT='o'
PACKAGE_BUGREPORT=''
PACKAGE_NAME=''
PACKAGE_STRING=''
PACKAGE_TARNAME=''
PACKAGE_VERSION=''
PATH_SEPARATOR=':'
SHELL='/bin/sh'
ac_ct_CC='gcc'
ac_ct_CXX=''
bindir='${exec_prefix}/bin'
build_alias=''
datadir='${datarootdir}'
datarootdir='${prefix}/share'
docdir='${datarootdir}/doc/${PACKAGE}'
dvidir='${docdir}'
exec_prefix='${prefix}'
host_alias=''
htmldir='${docdir}'
includedir='${prefix}/include'
infodir='${datarootdir}/info'
libdir='${exec_prefix}/lib'
libexecdir='${exec_prefix}/libexec'
localedir='${datarootdir}/locale'
localstatedir='${prefix}/var'
mandir='${datarootdir}/man'
oldincludedir='/usr/include'
pdfdir='${docdir}'
prefix='/usr/local'
program_transform_name='s,x,x,'
psdir='${docdir}'
sbindir='${exec_prefix}/sbin'
sharedstatedir='${prefix}/com'
sysconfdir='${prefix}/etc'
target_alias=''

## ----------- ##
## confdefs.h. ##
## ----------- ##

#define PACKAGE_NAME ""
#define PACKAGE_TARNAME ""
#define PACKAGE_VERSION ""
#define PACKAGE_STRING ""
#define PACKAGE_BUGREPORT ""
#define STDC_HEADERS 1
#define HAVE_SYS_TYPES_H 1
#define HAVE_SYS_STAT_H 1
#define HAVE_STDLIB_H 1
#define HAVE_STRING_H 1
#define HAVE_MEMORY_H 1
#define HAVE_STRINGS_H 1
#define HAVE_INTTYPES_H 1
#define HAVE_STDINT_H 1
#define HAVE_UNISTD_H 1

configure: exit 0
